<?xml version="1.0" encoding="UTF-8"?>
<testsuite name="ru.clevertec.utils.StringUtilsTest" tests="3" skipped="0" failures="0" errors="0" timestamp="2023-02-12T22:12:38" hostname="daniil-IdeaPad-Gaming-3-15IMH05" time="0.029">
  <properties/>
  <testcase name="isNotNumber()" classname="ru.clevertec.utils.StringUtilsTest" time="0.026"/>
  <testcase name="isNegativeNumber()" classname="ru.clevertec.utils.StringUtilsTest" time="0.001"/>
  <testcase name="isPositiveNumber()" classname="ru.clevertec.utils.StringUtilsTest" time="0.0"/>
  <system-out><![CDATA[]]></system-out>
  <system-err><![CDATA[]]></system-err>
</testsuite>
